[2024-05-30 14:28:33 [32mINFO [0;39m restartedMain] [com.green.projectTest.BoardVer3Application] [36mStarting BoardVer3Application using Java 17.0.10 with PID 8008 (D:\Students\DongHyeon\2024-01\backEnd\boardtest\build\classes\java\main started by Administrator in D:\Students\DongHyeon\2024-01\backEnd\boardtest)[0;39m
[2024-05-30 14:28:33 [32mINFO [0;39m restartedMain] [com.green.projectTest.BoardVer3Application] [36mNo active profile set, falling back to 1 default profile: "default"[0;39m
[2024-05-30 14:28:33 [32mINFO [0;39m restartedMain] [org.springframework.boot.devtools.env.DevToolsPropertyDefaultsPostProcessor] [36mDevtools property defaults active! Set 'spring.devtools.add-properties' to 'false' to disable[0;39m
[2024-05-30 14:28:33 [32mINFO [0;39m restartedMain] [org.springframework.boot.devtools.env.DevToolsPropertyDefaultsPostProcessor] [36mFor additional web related logging consider setting the 'logging.level.web' property to 'DEBUG'[0;39m
[2024-05-30 14:28:34 [32mINFO [0;39m restartedMain] [org.springframework.data.repository.config.RepositoryConfigurationDelegate] [36mMultiple Spring Data modules found, entering strict repository configuration mode[0;39m
[2024-05-30 14:28:34 [32mINFO [0;39m restartedMain] [org.springframework.data.repository.config.RepositoryConfigurationDelegate] [36mBootstrapping Spring Data Redis repositories in DEFAULT mode.[0;39m
[2024-05-30 14:28:34 [32mINFO [0;39m restartedMain] [org.springframework.data.repository.config.RepositoryConfigurationDelegate] [36mFinished Spring Data repository scanning in 5 ms. Found 0 Redis repository interfaces.[0;39m
[2024-05-30 14:28:34 [32mINFO [0;39m restartedMain] [org.springframework.boot.web.embedded.tomcat.TomcatWebServer] [36mTomcat initialized with port 8080 (http)[0;39m
[2024-05-30 14:28:34 [32mINFO [0;39m restartedMain] [org.apache.coyote.http11.Http11NioProtocol] [36mInitializing ProtocolHandler ["http-nio-8080"][0;39m
[2024-05-30 14:28:34 [32mINFO [0;39m restartedMain] [org.apache.catalina.core.StandardService] [36mStarting service [Tomcat][0;39m
[2024-05-30 14:28:34 [32mINFO [0;39m restartedMain] [org.apache.catalina.core.StandardEngine] [36mStarting Servlet engine: [Apache Tomcat/10.1.20][0;39m
[2024-05-30 14:28:34 [32mINFO [0;39m restartedMain] [org.apache.catalina.core.ContainerBase.[Tomcat].[localhost].[/]] [36mInitializing Spring embedded WebApplicationContext[0;39m
[2024-05-30 14:28:34 [32mINFO [0;39m restartedMain] [org.springframework.boot.web.servlet.context.ServletWebServerApplicationContext] [36mRoot WebApplicationContext: initialization completed in 1064 ms[0;39m
[2024-05-30 14:28:35 [32mINFO [0;39m restartedMain] [org.springframework.boot.devtools.autoconfigure.OptionalLiveReloadServer] [36mLiveReload server is running on port 35729[0;39m
[2024-05-30 14:28:35 [32mINFO [0;39m restartedMain] [org.apache.coyote.http11.Http11NioProtocol] [36mStarting ProtocolHandler ["http-nio-8080"][0;39m
[2024-05-30 14:28:35 [32mINFO [0;39m restartedMain] [org.springframework.boot.web.embedded.tomcat.TomcatWebServer] [36mTomcat started on port 8080 (http) with context path ''[0;39m
[2024-05-30 14:28:35 [32mINFO [0;39m restartedMain] [com.green.projectTest.BoardVer3Application] [36mStarted BoardVer3Application in 2.224 seconds (process running for 2.599)[0;39m
[2024-05-30 14:28:39 [32mINFO [0;39m http-nio-8080-exec-1] [org.apache.catalina.core.ContainerBase.[Tomcat].[localhost].[/]] [36mInitializing Spring DispatcherServlet 'dispatcherServlet'[0;39m
[2024-05-30 14:28:39 [32mINFO [0;39m http-nio-8080-exec-1] [org.springframework.web.servlet.DispatcherServlet] [36mInitializing Servlet 'dispatcherServlet'[0;39m
[2024-05-30 14:28:39 [32mINFO [0;39m http-nio-8080-exec-1] [org.springframework.web.servlet.DispatcherServlet] [36mCompleted initialization in 0 ms[0;39m
[2024-05-30 14:28:40 [32mINFO [0;39m http-nio-8080-exec-9] [org.springdoc.api.AbstractOpenApiResource] [36mInit duration for springdoc-openapi is: 172 ms[0;39m
[2024-05-30 14:28:46 [32mINFO [0;39m http-nio-8080-exec-5] [com.zaxxer.hikari.HikariDataSource] [36mHikariPool-1 - Starting...[0;39m
[2024-05-30 14:28:46 [32mINFO [0;39m http-nio-8080-exec-5] [com.zaxxer.hikari.pool.HikariPool] [36mHikariPool-1 - Added connection org.mariadb.jdbc.Connection@d3e7f23[0;39m
[2024-05-30 14:28:46 [32mINFO [0;39m http-nio-8080-exec-5] [com.zaxxer.hikari.HikariDataSource] [36mHikariPool-1 - Start completed.[0;39m
[2024-05-30 14:28:46 [33mWARN [0;39m http-nio-8080-exec-5] [org.springframework.web.servlet.mvc.method.annotation.ExceptionHandlerExceptionResolver] [36mResolved [javax.mail.internet.AddressException][0;39m
[2024-05-30 14:30:02 [33mWARN [0;39m http-nio-8080-exec-2] [org.springframework.web.servlet.mvc.method.annotation.ExceptionHandlerExceptionResolver] [36mResolved [java.lang.NullPointerException: 다시 확인해주세요!][0;39m
[2024-05-30 14:30:23 [33mWARN [0;39m http-nio-8080-exec-10] [org.springframework.web.servlet.mvc.method.annotation.ExceptionHandlerExceptionResolver] [36mResolved [javax.mail.internet.AddressException][0;39m
[2024-05-30 14:31:11 [33mWARN [0;39m http-nio-8080-exec-4] [org.springframework.web.servlet.mvc.method.annotation.ExceptionHandlerExceptionResolver] [36mResolved [java.lang.NullPointerException: 다시 확인해주세요!][0;39m
[2024-05-30 14:32:52 [33mWARN [0;39m http-nio-8080-exec-5] [org.springframework.web.servlet.mvc.method.annotation.ExceptionHandlerExceptionResolver] [36mResolved [java.lang.NullPointerException: 다시 확인해주세요!][0;39m
[2024-05-30 14:42:21 [32mINFO [0;39m SpringApplicationShutdownHook] [com.zaxxer.hikari.HikariDataSource] [36mHikariPool-1 - Shutdown initiated...[0;39m
[2024-05-30 14:42:21 [32mINFO [0;39m SpringApplicationShutdownHook] [com.zaxxer.hikari.HikariDataSource] [36mHikariPool-1 - Shutdown completed.[0;39m
